#
# There is insufficient memory for the Java Runtime Environment to continue.
# Native memory allocation (malloc) failed to allocate 115376 bytes. Error detail: Chunk::new
# Possible reasons:
#   The system is out of physical RAM or swap space
#   This process is running with CompressedOops enabled, and the Java Heap may be blocking the growth of the native heap
# Possible solutions:
#   Reduce memory load on the system
#   Increase physical memory or swap space
#   Check if swap backing store is full
#   Decrease Java heap size (-Xmx/-Xms)
#   Decrease number of Java threads
#   Decrease Java thread stack sizes (-Xss)
#   Set larger code cache with -XX:ReservedCodeCacheSize=
#   JVM is running with Unscaled Compressed Oops mode in which the Java heap is
#     placed in the first 4GB address space. The Java Heap base address is the
#     maximum limit for the native heap growth. Please use -XX:HeapBaseMinAddress
#     to set the Java Heap base and to place the Java Heap above 4GB virtual address.
# This output file may be truncated or incomplete.
#
#  Out of Memory Error (arena.cpp:168), pid=20568, tid=7288
#
# JRE version: OpenJDK Runtime Environment Temurin-21.0.7+6 (21.0.7+6) (build 21.0.7+6-LTS)
# Java VM: OpenJDK 64-Bit Server VM Temurin-21.0.7+6 (21.0.7+6-LTS, mixed mode, sharing, tiered, compressed oops, compressed class ptrs, parallel gc, windows-amd64)
# No core dump will be written. Minidumps are not enabled by default on client versions of Windows
#

---------------  S U M M A R Y ------------

Command Line: --add-modules=ALL-SYSTEM --add-opens=java.base/java.util=ALL-UNNAMED --add-opens=java.base/java.lang=ALL-UNNAMED --add-opens=java.base/sun.nio.fs=ALL-UNNAMED -Declipse.application=org.eclipse.jdt.ls.core.id1 -Dosgi.bundles.defaultStartLevel=4 -Declipse.product=org.eclipse.jdt.ls.core.product -Djava.import.generatesMetadataFilesAtProjectRoot=false -DDetectVMInstallationsJob.disabled=true -Dfile.encoding=utf8 -XX:+UseParallelGC -XX:GCTimeRatio=4 -XX:AdaptiveSizePolicyWeight=90 -Dsun.zip.disableMemoryMapping=true -Xmx1G -Xms100m -Xlog:disable -javaagent:c:\Users\Admin\.cursor\extensions\redhat.java-1.42.0-win32-x64\lombok\lombok-1.18.36.jar c:\Users\Admin\.cursor\extensions\redhat.java-1.42.0-win32-x64\server\plugins\org.eclipse.equinox.launcher_1.7.0.v20250424-1814.jar -configuration c:\Users\Admin\AppData\Roaming\Cursor\User\globalStorage\redhat.java\1.42.0\config_ss_win -data c:\Users\Admin\AppData\Roaming\Cursor\User\workspaceStorage\b0e7369eb6af5f7f40dd9c8cb5f648d1\redhat.java\ss_ws --pipe=\\.\pipe\lsp-325844f6a703c76c1bd97b6a1669da92-sock

Host: Intel(R) Core(TM) i5-7200U CPU @ 2.50GHz, 4 cores, 15G,  Windows 10 , 64 bit Build 19041 (10.0.19041.3155)
Time: Fri May 30 14:21:16 2025 SE Asia Standard Time elapsed time: 5.100648 seconds (0d 0h 0m 5s)

---------------  T H R E A D  ---------------

Current thread (0x000001a2eb69fc00):  JavaThread "C2 CompilerThread1" daemon [_thread_in_native, id=7288, stack(0x000000762e700000,0x000000762e800000) (1024K)]


Current CompileTask:
C2:5100 2455       4       org.lombokweb.asm.ClassReader::readUtf (44 bytes)

Stack: [0x000000762e700000,0x000000762e800000]
Native frames: (J=compiled Java code, j=interpreted, Vv=VM code, C=native code)
V  [jvm.dll+0x6ce119]
V  [jvm.dll+0x8a84a1]
V  [jvm.dll+0x8aa9ce]
V  [jvm.dll+0x8ab0b3]
V  [jvm.dll+0x27f8a6]
V  [jvm.dll+0xc507d]
V  [jvm.dll+0xc55b3]
V  [jvm.dll+0x2f2c6d]
V  [jvm.dll+0x5f6bca]
V  [jvm.dll+0x250cb2]
V  [jvm.dll+0x25106f]
V  [jvm.dll+0x249934]
V  [jvm.dll+0x246fc4]
V  [jvm.dll+0x1c760e]
V  [jvm.dll+0x25695a]
V  [jvm.dll+0x254efa]
V  [jvm.dll+0x3f03f6]
V  [jvm.dll+0x851f6b]
V  [jvm.dll+0x6cc7dd]
C  [ucrtbase.dll+0x21bb2]
C  [KERNEL32.DLL+0x17614]
C  [ntdll.dll+0x526b1]


---------------  P R O C E S S  ---------------

Threads class SMR info:
_java_thread_list=0x000001a2ebd7d3f0, length=20, elements={
0x000001a2d13935d0, 0x000001a2e56b9650, 0x000001a2e56baeb0, 0x000001a2e56bc990,
0x000001a2e56bf7b0, 0x000001a2e56c1210, 0x000001a2e56c1c60, 0x000001a2e56c2a90,
0x000001a2e5734870, 0x000001a2e648d100, 0x000001a2e66d91c0, 0x000001a2eb41ebb0,
0x000001a2eb5490f0, 0x000001a2eb549750, 0x000001a2eb5313a0, 0x000001a2eb7ac8f0,
0x000001a2eb52dcf0, 0x000001a2eb69fc00, 0x000001a2ebae4600, 0x000001a2ebd8f1e0
}

Java Threads: ( => current thread )
  0x000001a2d13935d0 JavaThread "main"                              [_thread_blocked, id=4032, stack(0x000000762d100000,0x000000762d200000) (1024K)]
  0x000001a2e56b9650 JavaThread "Reference Handler"          daemon [_thread_blocked, id=8508, stack(0x000000762d500000,0x000000762d600000) (1024K)]
  0x000001a2e56baeb0 JavaThread "Finalizer"                  daemon [_thread_blocked, id=7296, stack(0x000000762d600000,0x000000762d700000) (1024K)]
  0x000001a2e56bc990 JavaThread "Signal Dispatcher"          daemon [_thread_blocked, id=7816, stack(0x000000762d700000,0x000000762d800000) (1024K)]
  0x000001a2e56bf7b0 JavaThread "Attach Listener"            daemon [_thread_blocked, id=22436, stack(0x000000762d800000,0x000000762d900000) (1024K)]
  0x000001a2e56c1210 JavaThread "Service Thread"             daemon [_thread_blocked, id=22396, stack(0x000000762d900000,0x000000762da00000) (1024K)]
  0x000001a2e56c1c60 JavaThread "Monitor Deflation Thread"   daemon [_thread_blocked, id=17220, stack(0x000000762da00000,0x000000762db00000) (1024K)]
  0x000001a2e56c2a90 JavaThread "C2 CompilerThread0"         daemon [_thread_in_native, id=9660, stack(0x000000762db00000,0x000000762dc00000) (1024K)]
  0x000001a2e5734870 JavaThread "C1 CompilerThread0"         daemon [_thread_blocked, id=4992, stack(0x000000762dc00000,0x000000762dd00000) (1024K)]
  0x000001a2e648d100 JavaThread "Common-Cleaner"             daemon [_thread_blocked, id=18596, stack(0x000000762dd00000,0x000000762de00000) (1024K)]
  0x000001a2e66d91c0 JavaThread "Notification Thread"        daemon [_thread_blocked, id=14580, stack(0x000000762de00000,0x000000762df00000) (1024K)]
  0x000001a2eb41ebb0 JavaThread "Active Thread: Equinox Container: cc440b6a-15a1-41df-aad1-28a122cc2934"        [_thread_blocked, id=13728, stack(0x000000762e300000,0x000000762e400000) (1024K)]
  0x000001a2eb5490f0 JavaThread "Framework Event Dispatcher: Equinox Container: cc440b6a-15a1-41df-aad1-28a122cc2934" daemon [_thread_blocked, id=4508, stack(0x000000762e400000,0x000000762e500000) (1024K)]
  0x000001a2eb549750 JavaThread "Start Level: Equinox Container: cc440b6a-15a1-41df-aad1-28a122cc2934" daemon [_thread_in_native, id=4552, stack(0x000000762e500000,0x000000762e600000) (1024K)]
  0x000001a2eb5313a0 JavaThread "SCR Component Actor"        daemon [_thread_blocked, id=18012, stack(0x000000762e600000,0x000000762e700000) (1024K)]
  0x000001a2eb7ac8f0 JavaThread "SCR Component Registry"     daemon [_thread_blocked, id=18032, stack(0x000000762df00000,0x000000762e000000) (1024K)]
  0x000001a2eb52dcf0 JavaThread "Worker-JM"                         [_thread_blocked, id=7440, stack(0x000000762e800000,0x000000762e900000) (1024K)]
=>0x000001a2eb69fc00 JavaThread "C2 CompilerThread1"         daemon [_thread_in_native, id=7288, stack(0x000000762e700000,0x000000762e800000) (1024K)]
  0x000001a2ebae4600 JavaThread "Worker-0"                          [_thread_blocked, id=11644, stack(0x000000762e900000,0x000000762ea00000) (1024K)]
  0x000001a2ebd8f1e0 JavaThread "Worker-1"                          [_thread_blocked, id=19020, stack(0x000000762ea00000,0x000000762eb00000) (1024K)]
Total: 20

Other Threads:
  0x000001a2d144b4b0 VMThread "VM Thread"                           [id=8512, stack(0x000000762d400000,0x000000762d500000) (1024K)]
  0x000001a2d13f56d0 WatcherThread "VM Periodic Task Thread"        [id=8492, stack(0x000000762d300000,0x000000762d400000) (1024K)]
  0x000001a2d13a9aa0 WorkerThread "GC Thread#0"                     [id=8316, stack(0x000000762d200000,0x000000762d300000) (1024K)]
  0x000001a2eb38d880 WorkerThread "GC Thread#1"                     [id=13804, stack(0x000000762e000000,0x000000762e100000) (1024K)]
  0x000001a2eb38dc20 WorkerThread "GC Thread#2"                     [id=4028, stack(0x000000762e100000,0x000000762e200000) (1024K)]
  0x000001a2e6854430 WorkerThread "GC Thread#3"                     [id=12392, stack(0x000000762e200000,0x000000762e300000) (1024K)]
Total: 6

Threads with active compile tasks:
C2 CompilerThread0  5119 2457       4       org.lombokweb.asm.ClassReader::readUTF8 (23 bytes)
C2 CompilerThread1  5119 2455       4       org.lombokweb.asm.ClassReader::readUtf (44 bytes)
Total: 2

VM state: not at safepoint (normal execution)

VM Mutex/Monitor currently owned by a thread: None

Heap address: 0x00000000c0000000, size: 1024 MB, Compressed Oops mode: 32-bit

CDS archive(s) mapped at: [0x000001a280000000-0x000001a280ba0000-0x000001a280ba0000), size 12189696, SharedBaseAddress: 0x000001a280000000, ArchiveRelocationMode: 1.
Compressed class space mapped at: 0x000001a281000000-0x000001a2c1000000, reserved size: 1073741824
Narrow klass base: 0x000001a280000000, Narrow klass shift: 0, Narrow klass range: 0x100000000

GC Precious Log:
 CardTable entry size: 512
 CPUs: 4 total, 4 available
 Memory: 16252M
 Large Page Support: Disabled
 NUMA Support: Disabled
 Compressed Oops: Enabled (32-bit)
 Alignments: Space 512K, Generation 512K, Heap 2M
 Heap Min Capacity: 100M
 Heap Initial Capacity: 100M
 Heap Max Capacity: 1G
 Pre-touch: Disabled
 Parallel Workers: 4

Heap:
 PSYoungGen      total 29696K, used 19463K [0x00000000eab00000, 0x00000000ecc00000, 0x0000000100000000)
  eden space 25600K, 60% used [0x00000000eab00000,0x00000000eba02840,0x00000000ec400000)
  from space 4096K, 99% used [0x00000000ec400000,0x00000000ec7ff748,0x00000000ec800000)
  to   space 4096K, 0% used [0x00000000ec800000,0x00000000ec800000,0x00000000ecc00000)
 ParOldGen       total 68608K, used 2727K [0x00000000c0000000, 0x00000000c4300000, 0x00000000eab00000)
  object space 68608K, 3% used [0x00000000c0000000,0x00000000c02a9f40,0x00000000c4300000)
 Metaspace       used 15502K, committed 16128K, reserved 1114112K
  class space    used 1576K, committed 1856K, reserved 1048576K

Card table byte_map: [0x000001a2d0d40000,0x000001a2d0f50000] _byte_map_base: 0x000001a2d0740000

Marking Bits: (ParMarkBitMap*) 0x00007fff815e31f0
 Begin Bits: [0x000001a2e3590000, 0x000001a2e4590000)
 End Bits:   [0x000001a2e4590000, 0x000001a2e5590000)

Polling page: 0x000001a2cf040000

Metaspace:

Usage:
  Non-class:     13.60 MB used.
      Class:      1.54 MB used.
       Both:     15.14 MB used.

Virtual space:
  Non-class space:       64.00 MB reserved,      13.94 MB ( 22%) committed,  1 nodes.
      Class space:        1.00 GB reserved,       1.81 MB ( <1%) committed,  1 nodes.
             Both:        1.06 GB reserved,      15.75 MB (  1%) committed. 

Chunk freelists:
   Non-Class:  1.22 MB
       Class:  14.20 MB
        Both:  15.42 MB

MaxMetaspaceSize: unlimited
CompressedClassSpaceSize: 1.00 GB
Initial GC threshold: 21.00 MB
Current GC threshold: 21.00 MB
CDS: on
 - commit_granule_bytes: 65536.
 - commit_granule_words: 8192.
 - virtual_space_node_default_size: 8388608.
 - enlarge_chunks_in_place: 1.
 - use_allocation_guard: 0.


Internal statistics:

num_allocs_failed_limit: 0.
num_arena_births: 492.
num_arena_deaths: 0.
num_vsnodes_births: 2.
num_vsnodes_deaths: 0.
num_space_committed: 252.
num_space_uncommitted: 0.
num_chunks_returned_to_freelist: 0.
num_chunks_taken_from_freelist: 1047.
num_chunk_merges: 0.
num_chunk_splits: 682.
num_chunks_enlarged: 426.
num_inconsistent_stats: 0.

CodeHeap 'non-profiled nmethods': size=120000Kb used=1104Kb max_used=1104Kb free=118895Kb
 bounds [0x000001a2dc060000, 0x000001a2dc2d0000, 0x000001a2e3590000]
CodeHeap 'profiled nmethods': size=120000Kb used=4771Kb max_used=4771Kb free=115228Kb
 bounds [0x000001a2d4590000, 0x000001a2d4a40000, 0x000001a2dbac0000]
CodeHeap 'non-nmethods': size=5760Kb used=1260Kb max_used=1276Kb free=4499Kb
 bounds [0x000001a2dbac0000, 0x000001a2dbd30000, 0x000001a2dc060000]
 total_blobs=2998 nmethods=2462 adapters=442
 compilation: enabled
              stopped_count=0, restarted_count=0
 full_count=0

Compilation events (20 events):
Event: 5.018 Thread 0x000001a2e5734870 2445       3       java.lang.invoke.DirectMethodHandle$Holder::newInvokeSpecial (24 bytes)
Event: 5.018 Thread 0x000001a2e5734870 nmethod 2445 0x000001a2d4a22290 code [0x000001a2d4a22480, 0x000001a2d4a22c08]
Event: 5.055 Thread 0x000001a2eb69fc00 nmethod 2443 0x000001a2dc171b90 code [0x000001a2dc171dc0, 0x000001a2dc172a00]
Event: 5.080 Thread 0x000001a2e5734870 2447       3       java.lang.ThreadLocal$ThreadLocalMap::nextIndex (15 bytes)
Event: 5.080 Thread 0x000001a2e5734870 nmethod 2447 0x000001a2d4a22e10 code [0x000001a2d4a22fa0, 0x000001a2d4a230d8]
Event: 5.082 Thread 0x000001a2e5734870 2449       3       java.lang.invoke.MethodHandle::bindArgumentL (10 bytes)
Event: 5.082 Thread 0x000001a2e5734870 nmethod 2449 0x000001a2d4a23190 code [0x000001a2d4a233a0, 0x000001a2d4a239e8]
Event: 5.083 Thread 0x000001a2e5734870 2450       3       java.util.TreeMap::leftOf (13 bytes)
Event: 5.083 Thread 0x000001a2e5734870 nmethod 2450 0x000001a2d4a23c90 code [0x000001a2d4a23e40, 0x000001a2d4a23fa8]
Event: 5.083 Thread 0x000001a2e5734870 2451       3       java.lang.Double::parseDouble (5 bytes)
Event: 5.083 Thread 0x000001a2e5734870 nmethod 2451 0x000001a2d4a24090 code [0x000001a2d4a24260, 0x000001a2d4a244a0]
Event: 5.083 Thread 0x000001a2e5734870 2453   !   3       jdk.internal.math.FloatingDecimal::readJavaFormatString (826 bytes)
Event: 5.089 Thread 0x000001a2e56c2a90 2454   !   4       java.lang.ref.ReferenceQueue::poll (40 bytes)
Event: 5.091 Thread 0x000001a2e5734870 nmethod 2453 0x000001a2d4a24590 code [0x000001a2d4a24e20, 0x000001a2d4a2a638]
Event: 5.091 Thread 0x000001a2e5734870 2452       3       jdk.internal.math.FloatingDecimal::parseDouble (10 bytes)
Event: 5.091 Thread 0x000001a2e5734870 nmethod 2452 0x000001a2d4a2cf90 code [0x000001a2d4a2d140, 0x000001a2d4a2d328]
Event: 5.094 Thread 0x000001a2eb69fc00 2455       4       org.lombokweb.asm.ClassReader::readUtf (44 bytes)
Event: 5.095 Thread 0x000001a2e56c2a90 nmethod 2454 0x000001a2dc173a10 code [0x000001a2dc173c00, 0x000001a2dc173f58]
Event: 5.097 Thread 0x000001a2e5734870 2456       3       org.lombokweb.asm.ByteVector::putByteArray (49 bytes)
Event: 5.097 Thread 0x000001a2e5734870 nmethod 2456 0x000001a2d4a2d410 code [0x000001a2d4a2d5e0, 0x000001a2d4a2d8a8]

GC Heap History (6 events):
Event: 2.124 GC heap before
{Heap before GC invocations=1 (full 0):
 PSYoungGen      total 29696K, used 25600K [0x00000000eab00000, 0x00000000ecc00000, 0x0000000100000000)
  eden space 25600K, 100% used [0x00000000eab00000,0x00000000ec400000,0x00000000ec400000)
  from space 4096K, 0% used [0x00000000ec800000,0x00000000ec800000,0x00000000ecc00000)
  to   space 4096K, 0% used [0x00000000ec400000,0x00000000ec400000,0x00000000ec800000)
 ParOldGen       total 68608K, used 0K [0x00000000c0000000, 0x00000000c4300000, 0x00000000eab00000)
  object space 68608K, 0% used [0x00000000c0000000,0x00000000c0000000,0x00000000c4300000)
 Metaspace       used 4375K, committed 4672K, reserved 1114112K
  class space    used 462K, committed 640K, reserved 1048576K
}
Event: 2.137 GC heap after
{Heap after GC invocations=1 (full 0):
 PSYoungGen      total 29696K, used 3270K [0x00000000eab00000, 0x00000000ecc00000, 0x0000000100000000)
  eden space 25600K, 0% used [0x00000000eab00000,0x00000000eab00000,0x00000000ec400000)
  from space 4096K, 79% used [0x00000000ec400000,0x00000000ec731870,0x00000000ec800000)
  to   space 4096K, 0% used [0x00000000ec800000,0x00000000ec800000,0x00000000ecc00000)
 ParOldGen       total 68608K, used 0K [0x00000000c0000000, 0x00000000c4300000, 0x00000000eab00000)
  object space 68608K, 0% used [0x00000000c0000000,0x00000000c0000000,0x00000000c4300000)
 Metaspace       used 4375K, committed 4672K, reserved 1114112K
  class space    used 462K, committed 640K, reserved 1048576K
}
Event: 3.519 GC heap before
{Heap before GC invocations=2 (full 0):
 PSYoungGen      total 29696K, used 28870K [0x00000000eab00000, 0x00000000ecc00000, 0x0000000100000000)
  eden space 25600K, 100% used [0x00000000eab00000,0x00000000ec400000,0x00000000ec400000)
  from space 4096K, 79% used [0x00000000ec400000,0x00000000ec731870,0x00000000ec800000)
  to   space 4096K, 0% used [0x00000000ec800000,0x00000000ec800000,0x00000000ecc00000)
 ParOldGen       total 68608K, used 0K [0x00000000c0000000, 0x00000000c4300000, 0x00000000eab00000)
  object space 68608K, 0% used [0x00000000c0000000,0x00000000c0000000,0x00000000c4300000)
 Metaspace       used 8355K, committed 8704K, reserved 1114112K
  class space    used 855K, committed 1024K, reserved 1048576K
}
Event: 3.526 GC heap after
{Heap after GC invocations=2 (full 0):
 PSYoungGen      total 29696K, used 4090K [0x00000000eab00000, 0x00000000ecc00000, 0x0000000100000000)
  eden space 25600K, 0% used [0x00000000eab00000,0x00000000eab00000,0x00000000ec400000)
  from space 4096K, 99% used [0x00000000ec800000,0x00000000ecbfe9b8,0x00000000ecc00000)
  to   space 4096K, 0% used [0x00000000ec400000,0x00000000ec400000,0x00000000ec800000)
 ParOldGen       total 68608K, used 863K [0x00000000c0000000, 0x00000000c4300000, 0x00000000eab00000)
  object space 68608K, 1% used [0x00000000c0000000,0x00000000c00d7ea8,0x00000000c4300000)
 Metaspace       used 8355K, committed 8704K, reserved 1114112K
  class space    used 855K, committed 1024K, reserved 1048576K
}
Event: 4.630 GC heap before
{Heap before GC invocations=3 (full 0):
 PSYoungGen      total 29696K, used 29690K [0x00000000eab00000, 0x00000000ecc00000, 0x0000000100000000)
  eden space 25600K, 100% used [0x00000000eab00000,0x00000000ec400000,0x00000000ec400000)
  from space 4096K, 99% used [0x00000000ec800000,0x00000000ecbfe9b8,0x00000000ecc00000)
  to   space 4096K, 0% used [0x00000000ec400000,0x00000000ec400000,0x00000000ec800000)
 ParOldGen       total 68608K, used 863K [0x00000000c0000000, 0x00000000c4300000, 0x00000000eab00000)
  object space 68608K, 1% used [0x00000000c0000000,0x00000000c00d7ea8,0x00000000c4300000)
 Metaspace       used 13083K, committed 13632K, reserved 1114112K
  class space    used 1337K, committed 1600K, reserved 1048576K
}
Event: 4.636 GC heap after
{Heap after GC invocations=3 (full 0):
 PSYoungGen      total 29696K, used 4093K [0x00000000eab00000, 0x00000000ecc00000, 0x0000000100000000)
  eden space 25600K, 0% used [0x00000000eab00000,0x00000000eab00000,0x00000000ec400000)
  from space 4096K, 99% used [0x00000000ec400000,0x00000000ec7ff748,0x00000000ec800000)
  to   space 4096K, 0% used [0x00000000ec800000,0x00000000ec800000,0x00000000ecc00000)
 ParOldGen       total 68608K, used 2727K [0x00000000c0000000, 0x00000000c4300000, 0x00000000eab00000)
  object space 68608K, 3% used [0x00000000c0000000,0x00000000c02a9f40,0x00000000c4300000)
 Metaspace       used 13083K, committed 13632K, reserved 1114112K
  class space    used 1337K, committed 1600K, reserved 1048576K
}

Dll operation events (9 events):
Event: 0.018 Loaded shared library c:\Users\Admin\.cursor\extensions\redhat.java-1.42.0-win32-x64\jre\21.0.7-win32-x86_64\bin\java.dll
Event: 0.388 Loaded shared library c:\Users\Admin\.cursor\extensions\redhat.java-1.42.0-win32-x64\jre\21.0.7-win32-x86_64\bin\zip.dll
Event: 0.449 Loaded shared library C:\Users\Admin\.cursor\extensions\redhat.java-1.42.0-win32-x64\jre\21.0.7-win32-x86_64\bin\instrument.dll
Event: 0.457 Loaded shared library C:\Users\Admin\.cursor\extensions\redhat.java-1.42.0-win32-x64\jre\21.0.7-win32-x86_64\bin\net.dll
Event: 0.460 Loaded shared library C:\Users\Admin\.cursor\extensions\redhat.java-1.42.0-win32-x64\jre\21.0.7-win32-x86_64\bin\nio.dll
Event: 0.464 Loaded shared library C:\Users\Admin\.cursor\extensions\redhat.java-1.42.0-win32-x64\jre\21.0.7-win32-x86_64\bin\zip.dll
Event: 0.546 Loaded shared library C:\Users\Admin\.cursor\extensions\redhat.java-1.42.0-win32-x64\jre\21.0.7-win32-x86_64\bin\jimage.dll
Event: 0.688 Loaded shared library c:\Users\Admin\.cursor\extensions\redhat.java-1.42.0-win32-x64\jre\21.0.7-win32-x86_64\bin\verify.dll
Event: 3.373 Loaded shared library C:\Users\Admin\AppData\Roaming\Cursor\User\globalStorage\redhat.java\1.42.0\config_ss_win\org.eclipse.equinox.launcher\org.eclipse.equinox.launcher.win32.win32.x86_64_1.2.1300.v20250331-1702\eclipse_11911.dll

Deoptimization events (20 events):
Event: 5.081 Thread 0x000001a2eb549750 Uncommon trap: trap_request=0xffffff45 fr.pc=0x000001a2dc162efc relative=0x0000000000000bbc
Event: 5.081 Thread 0x000001a2eb549750 Uncommon trap: reason=unstable_if action=reinterpret pc=0x000001a2dc162efc method=jdk.internal.org.objectweb.asm.Frame.execute(IILjdk/internal/org/objectweb/asm/Symbol;Ljdk/internal/org/objectweb/asm/SymbolTable;)V @ 1 c2
Event: 5.081 Thread 0x000001a2eb549750 DEOPT PACKING pc=0x000001a2dc162efc sp=0x000000762e5f7bc0
Event: 5.081 Thread 0x000001a2eb549750 DEOPT UNPACKING pc=0x000001a2dbb13aa2 sp=0x000000762e5f7b48 mode 2
Event: 5.095 Thread 0x000001a2eb549750 Uncommon trap: trap_request=0xffffffde fr.pc=0x000001a2dc16a84c relative=0x00000000000003ec
Event: 5.095 Thread 0x000001a2eb549750 Uncommon trap: reason=class_check action=maybe_recompile pc=0x000001a2dc16a84c method=java.util.regex.Pattern$BmpCharPropertyGreedy.match(Ljava/util/regex/Matcher;ILjava/lang/CharSequence;)Z @ 70 c2
Event: 5.095 Thread 0x000001a2eb549750 DEOPT PACKING pc=0x000001a2dc16a84c sp=0x000000762e5f2f40
Event: 5.095 Thread 0x000001a2eb549750 DEOPT UNPACKING pc=0x000001a2dbb13aa2 sp=0x000000762e5f2ee8 mode 2
Event: 5.095 Thread 0x000001a2eb549750 Uncommon trap: trap_request=0xffffffde fr.pc=0x000001a2dc16a84c relative=0x00000000000003ec
Event: 5.095 Thread 0x000001a2eb549750 Uncommon trap: reason=class_check action=maybe_recompile pc=0x000001a2dc16a84c method=java.util.regex.Pattern$BmpCharPropertyGreedy.match(Ljava/util/regex/Matcher;ILjava/lang/CharSequence;)Z @ 70 c2
Event: 5.095 Thread 0x000001a2eb549750 DEOPT PACKING pc=0x000001a2dc16a84c sp=0x000000762e5f2d90
Event: 5.095 Thread 0x000001a2eb549750 DEOPT UNPACKING pc=0x000001a2dbb13aa2 sp=0x000000762e5f2d38 mode 2
Event: 5.096 Thread 0x000001a2eb549750 Uncommon trap: trap_request=0xffffffde fr.pc=0x000001a2dc16a84c relative=0x00000000000003ec
Event: 5.096 Thread 0x000001a2eb549750 Uncommon trap: reason=class_check action=maybe_recompile pc=0x000001a2dc16a84c method=java.util.regex.Pattern$BmpCharPropertyGreedy.match(Ljava/util/regex/Matcher;ILjava/lang/CharSequence;)Z @ 70 c2
Event: 5.096 Thread 0x000001a2eb549750 DEOPT PACKING pc=0x000001a2dc16a84c sp=0x000000762e5f2f50
Event: 5.096 Thread 0x000001a2eb549750 DEOPT UNPACKING pc=0x000001a2dbb13aa2 sp=0x000000762e5f2ef8 mode 2
Event: 5.096 Thread 0x000001a2eb549750 Uncommon trap: trap_request=0xffffffde fr.pc=0x000001a2dc16a84c relative=0x00000000000003ec
Event: 5.096 Thread 0x000001a2eb549750 Uncommon trap: reason=class_check action=maybe_recompile pc=0x000001a2dc16a84c method=java.util.regex.Pattern$BmpCharPropertyGreedy.match(Ljava/util/regex/Matcher;ILjava/lang/CharSequence;)Z @ 70 c2
Event: 5.096 Thread 0x000001a2eb549750 DEOPT PACKING pc=0x000001a2dc16a84c sp=0x000000762e5f2da0
Event: 5.096 Thread 0x000001a2eb549750 DEOPT UNPACKING pc=0x000001a2dbb13aa2 sp=0x000000762e5f2d48 mode 2

Classes loaded (20 events):
Event: 4.890 Loading class java/util/stream/SortedOps$SizedRefSortingSink
Event: 4.890 Loading class java/util/stream/SortedOps$SizedRefSortingSink done
Event: 4.959 Loading class java/util/concurrent/atomic/Striped64$1
Event: 4.959 Loading class java/util/concurrent/atomic/Striped64$1 done
Event: 4.981 Loading class java/net/Authenticator
Event: 4.981 Loading class java/net/Authenticator done
Event: 5.005 Loading class java/net/SocketAddress
Event: 5.005 Loading class java/net/SocketAddress done
Event: 5.005 Loading class java/net/InetSocketAddress
Event: 5.005 Loading class java/net/InetSocketAddress done
Event: 5.005 Loading class java/nio/channels/AsynchronousByteChannel
Event: 5.005 Loading class java/nio/channels/AsynchronousChannel
Event: 5.005 Loading class java/nio/channels/AsynchronousChannel done
Event: 5.005 Loading class java/nio/channels/AsynchronousByteChannel done
Event: 5.083 Loading class java/util/Collections$UnmodifiableSortedSet
Event: 5.084 Loading class java/util/Collections$UnmodifiableSortedSet done
Event: 5.089 Loading class java/util/zip/GZIPOutputStream
Event: 5.089 Loading class java/util/zip/GZIPOutputStream done
Event: 5.092 Loading class java/util/zip/GZIPInputStream
Event: 5.092 Loading class java/util/zip/GZIPInputStream done

Classes unloaded (0 events):
No events

Classes redefined (0 events):
No events

Internal exceptions (20 events):
Event: 4.556 Thread 0x000001a2eb549750 Exception <a 'java/lang/NoSuchMethodError'{0x00000000ec29f438}: 'java.lang.Object java.lang.invoke.DirectMethodHandle$Holder.invokeVirtual(java.lang.Object, java.lang.Object, java.lang.Object)'> (0x00000000ec29f438) 
thrown [s\src\hotspot\share\interpreter\linkResolver.cpp, line 773]
Event: 4.558 Thread 0x000001a2eb549750 Exception <a 'java/lang/NoSuchMethodError'{0x00000000ec2b76b0}: 'java.lang.Object java.lang.invoke.DelegatingMethodHandle$Holder.reinvoke_L(java.lang.Object, java.lang.Object, java.lang.Object, java.lang.Object, int, int)'> (0x00000000ec2b76b0) 
thrown [s\src\hotspot\share\interpreter\linkResolver.cpp, line 773]
Event: 4.581 Thread 0x000001a2eb549750 Exception <a 'java/lang/NoSuchMethodError'{0x00000000ec2d4910}: 'java.lang.Object java.lang.invoke.DirectMethodHandle$Holder.newInvokeSpecial(java.lang.Object, java.lang.Object, java.lang.Object, java.lang.Object, java.lang.Object, java.lang.Object)'> (0x00000000ec2d4910) 
thrown [s\src\hotspot\share\interpreter\linkResolver.cpp, line 773]
Event: 4.585 Thread 0x000001a2eb549750 Exception <a 'java/lang/NoSuchMethodError'{0x00000000ec300dc8}: 'void java.lang.invoke.Invokers$Holder.invokeExact_MT(java.lang.Object, java.lang.Object, java.lang.Object, java.lang.Object)'> (0x00000000ec300dc8) 
thrown [s\src\hotspot\share\interpreter\linkResolver.cpp, line 773]
Event: 4.647 Thread 0x000001a2eb549750 Exception <a 'java/io/FileNotFoundException'{0x00000000eab694a0}> (0x00000000eab694a0) 
thrown [s\src\hotspot\share\prims\jni.cpp, line 520]
Event: 4.648 Thread 0x000001a2eb549750 Exception <a 'java/io/FileNotFoundException'{0x00000000eab70848}> (0x00000000eab70848) 
thrown [s\src\hotspot\share\prims\jni.cpp, line 520]
Event: 4.842 Thread 0x000001a2eb549750 Exception <a 'java/lang/NoSuchMethodError'{0x00000000eb129268}: 'java.lang.Object java.lang.invoke.DirectMethodHandle$Holder.newInvokeSpecial(java.lang.Object, java.lang.Object, java.lang.Object, java.lang.Object, java.lang.Object)'> (0x00000000eb129268) 
thrown [s\src\hotspot\share\interpreter\linkResolver.cpp, line 773]
Event: 4.862 Thread 0x000001a2eb549750 Exception <a 'java/lang/NoSuchMethodError'{0x00000000eb205b60}: 'java.lang.Object java.lang.invoke.DirectMethodHandle$Holder.invokeSpecial(java.lang.Object, java.lang.Object, java.lang.Object, long, java.lang.Object)'> (0x00000000eb205b60) 
thrown [s\src\hotspot\share\interpreter\linkResolver.cpp, line 773]
Event: 4.863 Thread 0x000001a2eb549750 Exception <a 'java/lang/NoSuchMethodError'{0x00000000eb20d2f0}: 'java.lang.Object java.lang.invoke.DirectMethodHandle$Holder.newInvokeSpecial(java.lang.Object, java.lang.Object, java.lang.Object, long)'> (0x00000000eb20d2f0) 
thrown [s\src\hotspot\share\interpreter\linkResolver.cpp, line 773]
Event: 4.863 Thread 0x000001a2eb549750 Exception <a 'java/lang/NoSuchMethodError'{0x00000000eb211150}: 'java.lang.Object java.lang.invoke.Invokers$Holder.linkToTargetMethod(java.lang.Object, java.lang.Object, long, java.lang.Object)'> (0x00000000eb211150) 
thrown [s\src\hotspot\share\interpreter\linkResolver.cpp, line 773]
Event: 4.878 Thread 0x000001a2eb549750 Exception <a 'java/lang/NoSuchMethodError'{0x00000000eb2825d0}: 'int java.lang.invoke.DirectMethodHandle$Holder.invokeStaticInit(java.lang.Object, java.lang.Object, java.lang.Object)'> (0x00000000eb2825d0) 
thrown [s\src\hotspot\share\interpreter\linkResolver.cpp, line 773]
Event: 4.906 Thread 0x000001a2eb549750 Exception <a 'java/lang/IncompatibleClassChangeError'{0x00000000eb3114f0}: Found class java.lang.Object, but interface was expected> (0x00000000eb3114f0) 
thrown [s\src\hotspot\share\interpreter\linkResolver.cpp, line 840]
Event: 4.907 Thread 0x000001a2eb549750 Exception <a 'java/lang/NoSuchMethodError'{0x00000000eb314e48}: 'java.lang.Object java.lang.invoke.DirectMethodHandle$Holder.invokeSpecial(java.lang.Object, java.lang.Object, java.lang.Object, int, java.lang.Object, java.lang.Object)'> (0x00000000eb314e48) 
thrown [s\src\hotspot\share\interpreter\linkResolver.cpp, line 773]
Event: 4.907 Thread 0x000001a2eb549750 Exception <a 'java/lang/NoSuchMethodError'{0x00000000eb31c6e0}: 'java.lang.Object java.lang.invoke.DirectMethodHandle$Holder.newInvokeSpecial(java.lang.Object, java.lang.Object, java.lang.Object, int, java.lang.Object)'> (0x00000000eb31c6e0) 
thrown [s\src\hotspot\share\interpreter\linkResolver.cpp, line 773]
Event: 4.907 Thread 0x000001a2eb549750 Exception <a 'java/lang/NoSuchMethodError'{0x00000000eb3201d0}: 'java.lang.Object java.lang.invoke.Invokers$Holder.linkToTargetMethod(java.lang.Object, java.lang.Object, int, java.lang.Object, java.lang.Object)'> (0x00000000eb3201d0) 
thrown [s\src\hotspot\share\interpreter\linkResolver.cpp, line 773]
Event: 4.908 Thread 0x000001a2ebae4600 Exception <a 'java/lang/NoSuchMethodError'{0x00000000eb2645c8}: 'java.lang.Object java.lang.invoke.DirectMethodHandle$Holder.invokeSpecial(java.lang.Object, java.lang.Object, int, java.lang.Object, java.lang.Object)'> (0x00000000eb2645c8) 
thrown [s\src\hotspot\share\interpreter\linkResolver.cpp, line 773]
Event: 4.909 Thread 0x000001a2ebae4600 Exception <a 'java/lang/NoSuchMethodError'{0x00000000eb26b300}: 'java.lang.Object java.lang.invoke.DirectMethodHandle$Holder.newInvokeSpecial(java.lang.Object, java.lang.Object, int, java.lang.Object)'> (0x00000000eb26b300) 
thrown [s\src\hotspot\share\interpreter\linkResolver.cpp, line 773]
Event: 4.965 Thread 0x000001a2eb549750 Exception <a 'java/lang/NoSuchMethodError'{0x00000000eb4577e0}: 'void java.lang.invoke.DirectMethodHandle$Holder.invokeSpecial(java.lang.Object, java.lang.Object, java.lang.Object, java.lang.Object, java.lang.Object)'> (0x00000000eb4577e0) 
thrown [s\src\hotspot\share\interpreter\linkResolver.cpp, line 773]
Event: 5.081 Thread 0x000001a2eb549750 Exception <a 'java/lang/NoSuchMethodError'{0x00000000eb7150c8}: 'double java.lang.invoke.DirectMethodHandle$Holder.invokeStatic(java.lang.Object, java.lang.Object)'> (0x00000000eb7150c8) 
thrown [s\src\hotspot\share\interpreter\linkResolver.cpp, line 773]
Event: 5.081 Thread 0x000001a2eb549750 Exception <a 'java/lang/NoSuchMethodError'{0x00000000eb718788}: 'double java.lang.invoke.DirectMethodHandle$Holder.invokeStaticInit(java.lang.Object, java.lang.Object)'> (0x00000000eb718788) 
thrown [s\src\hotspot\share\interpreter\linkResolver.cpp, line 773]

ZGC Phase Switch (0 events):
No events

VM Operations (20 events):
Event: 3.031 Executing VM operation: HandshakeAllThreads (Deoptimize)
Event: 3.031 Executing VM operation: HandshakeAllThreads (Deoptimize) done
Event: 3.089 Executing VM operation: HandshakeAllThreads (Deoptimize)
Event: 3.089 Executing VM operation: HandshakeAllThreads (Deoptimize) done
Event: 3.507 Executing VM operation: ParallelGCFailedAllocation (Allocation Failure)
Event: 3.526 Executing VM operation: ParallelGCFailedAllocation (Allocation Failure) done
Event: 3.588 Executing VM operation: HandshakeAllThreads (Deoptimize)
Event: 3.588 Executing VM operation: HandshakeAllThreads (Deoptimize) done
Event: 3.755 Executing VM operation: HandshakeAllThreads (Deoptimize)
Event: 3.755 Executing VM operation: HandshakeAllThreads (Deoptimize) done
Event: 4.299 Executing VM operation: HandshakeAllThreads (Deoptimize)
Event: 4.299 Executing VM operation: HandshakeAllThreads (Deoptimize) done
Event: 4.630 Executing VM operation: ParallelGCFailedAllocation (Allocation Failure)
Event: 4.636 Executing VM operation: ParallelGCFailedAllocation (Allocation Failure) done
Event: 4.672 Executing VM operation: HandshakeAllThreads (Deoptimize)
Event: 4.672 Executing VM operation: HandshakeAllThreads (Deoptimize) done
Event: 4.702 Executing VM operation: HandshakeAllThreads (Deoptimize)
Event: 4.702 Executing VM operation: HandshakeAllThreads (Deoptimize) done
Event: 4.720 Executing VM operation: HandshakeAllThreads (Deoptimize)
Event: 4.720 Executing VM operation: HandshakeAllThreads (Deoptimize) done

Memory protections (0 events):
No events

Nmethod flushes (0 events):
No events

Events (20 events):
Event: 0.681 Thread 0x000001a2e5734870 Thread added: 0x000001a2e66583f0
Event: 0.911 Thread 0x000001a2e66583f0 Thread exited: 0x000001a2e66583f0
Event: 0.941 Thread 0x000001a2d13935d0 Thread added: 0x000001a2e66d91c0
Event: 1.211 Thread 0x000001a2e5734870 Thread added: 0x000001a2e66c8f20
Event: 1.933 Thread 0x000001a2e66c8f20 Thread exited: 0x000001a2e66c8f20
Event: 1.948 Thread 0x000001a2e5734870 Thread added: 0x000001a2eb0e2500
Event: 2.164 Thread 0x000001a2eb0e2500 Thread exited: 0x000001a2eb0e2500
Event: 2.448 Thread 0x000001a2e5734870 Thread added: 0x000001a2eb420480
Event: 2.964 Thread 0x000001a2d13935d0 Thread added: 0x000001a2eb41ebb0
Event: 3.363 Thread 0x000001a2d13935d0 Thread added: 0x000001a2eb5490f0
Event: 3.369 Thread 0x000001a2d13935d0 Thread added: 0x000001a2eb549750
Event: 3.475 Thread 0x000001a2eb549750 Thread added: 0x000001a2eb5313a0
Event: 3.672 Thread 0x000001a2eb420480 Thread exited: 0x000001a2eb420480
Event: 3.707 Thread 0x000001a2eb549750 Thread added: 0x000001a2eb7ac8f0
Event: 3.899 Thread 0x000001a2e56c2a90 Thread added: 0x000001a2eb7caa90
Event: 4.359 Thread 0x000001a2eb549750 Thread added: 0x000001a2eb52dcf0
Event: 4.469 Thread 0x000001a2eb7caa90 Thread exited: 0x000001a2eb7caa90
Event: 4.735 Thread 0x000001a2e56c2a90 Thread added: 0x000001a2eb69fc00
Event: 4.867 Thread 0x000001a2eb549750 Thread added: 0x000001a2ebae4600
Event: 4.911 Thread 0x000001a2eb549750 Thread added: 0x000001a2ebd8f1e0


Dynamic libraries:
0x00007ff617680000 - 0x00007ff61768e000 	c:\Users\Admin\.cursor\extensions\redhat.java-1.42.0-win32-x64\jre\21.0.7-win32-x86_64\bin\java.exe
0x00007fffcebd0000 - 0x00007fffcedc8000 	C:\Windows\SYSTEM32\ntdll.dll
0x00007fffcdda0000 - 0x00007fffcde5f000 	C:\Windows\System32\KERNEL32.DLL
0x00007fffcc5b0000 - 0x00007fffcc8a6000 	C:\Windows\System32\KERNELBASE.dll
0x00007fffc9a90000 - 0x00007fffc9b21000 	C:\Windows\SYSTEM32\apphelp.dll
0x00007fffccb00000 - 0x00007fffccc00000 	C:\Windows\System32\ucrtbase.dll
0x00007fffc6b80000 - 0x00007fffc6b98000 	c:\Users\Admin\.cursor\extensions\redhat.java-1.42.0-win32-x64\jre\21.0.7-win32-x86_64\bin\jli.dll
0x00007fffce030000 - 0x00007fffce1cd000 	C:\Windows\System32\USER32.dll
0x00007fffccc00000 - 0x00007fffccc22000 	C:\Windows\System32\win32u.dll
0x00007fffcd660000 - 0x00007fffcd68c000 	C:\Windows\System32\GDI32.dll
0x00007fffcc9e0000 - 0x00007fffccaf5000 	C:\Windows\System32\gdi32full.dll
0x00007fffcc8b0000 - 0x00007fffcc94d000 	C:\Windows\System32\msvcp_win.dll
0x00007fffc4690000 - 0x00007fffc46ae000 	c:\Users\Admin\.cursor\extensions\redhat.java-1.42.0-win32-x64\jre\21.0.7-win32-x86_64\bin\VCRUNTIME140.dll
0x00007fffb8500000 - 0x00007fffb879a000 	C:\Windows\WinSxS\amd64_microsoft.windows.common-controls_6595b64144ccf1df_6.0.19041.1110_none_60b5254171f9507e\COMCTL32.dll
0x00007fffcd690000 - 0x00007fffcd72e000 	C:\Windows\System32\msvcrt.dll
0x00007fffcd1b0000 - 0x00007fffcd1e0000 	C:\Windows\System32\IMM32.DLL
0x00007fffc62a0000 - 0x00007fffc62ac000 	c:\Users\Admin\.cursor\extensions\redhat.java-1.42.0-win32-x64\jre\21.0.7-win32-x86_64\bin\vcruntime140_1.dll
0x00007fffa0d30000 - 0x00007fffa0dbd000 	c:\Users\Admin\.cursor\extensions\redhat.java-1.42.0-win32-x64\jre\21.0.7-win32-x86_64\bin\msvcp140.dll
0x00007fff80930000 - 0x00007fff816c0000 	c:\Users\Admin\.cursor\extensions\redhat.java-1.42.0-win32-x64\jre\21.0.7-win32-x86_64\bin\server\jvm.dll
0x00007fffcd850000 - 0x00007fffcd8ff000 	C:\Windows\System32\ADVAPI32.dll
0x00007fffcd360000 - 0x00007fffcd3fc000 	C:\Windows\System32\sechost.dll
0x00007fffcd400000 - 0x00007fffcd526000 	C:\Windows\System32\RPCRT4.dll
0x00007fffcd730000 - 0x00007fffcd79b000 	C:\Windows\System32\WS2_32.dll
0x00007fffcb860000 - 0x00007fffcb8ab000 	C:\Windows\SYSTEM32\POWRPROF.dll
0x00007fffb80f0000 - 0x00007fffb8117000 	C:\Windows\SYSTEM32\WINMM.dll
0x00007fffc6850000 - 0x00007fffc685a000 	C:\Windows\SYSTEM32\VERSION.dll
0x00007fffcb6d0000 - 0x00007fffcb6e2000 	C:\Windows\SYSTEM32\UMPDC.dll
0x00007fffca160000 - 0x00007fffca172000 	C:\Windows\SYSTEM32\kernel.appcore.dll
0x00007fffc5700000 - 0x00007fffc570a000 	c:\Users\Admin\.cursor\extensions\redhat.java-1.42.0-win32-x64\jre\21.0.7-win32-x86_64\bin\jimage.dll
0x00007fffb82a0000 - 0x00007fffb8484000 	C:\Windows\SYSTEM32\DBGHELP.DLL
0x00007fffb5530000 - 0x00007fffb5564000 	C:\Windows\SYSTEM32\dbgcore.DLL
0x00007fffcc950000 - 0x00007fffcc9d2000 	C:\Windows\System32\bcryptPrimitives.dll
0x00007fffc4870000 - 0x00007fffc487f000 	c:\Users\Admin\.cursor\extensions\redhat.java-1.42.0-win32-x64\jre\21.0.7-win32-x86_64\bin\instrument.dll
0x00007fffba360000 - 0x00007fffba37f000 	c:\Users\Admin\.cursor\extensions\redhat.java-1.42.0-win32-x64\jre\21.0.7-win32-x86_64\bin\java.dll
0x00007fffce350000 - 0x00007fffcea94000 	C:\Windows\System32\SHELL32.dll
0x00007fffca360000 - 0x00007fffcaaf4000 	C:\Windows\SYSTEM32\windows.storage.dll
0x00007fffcda30000 - 0x00007fffcdd84000 	C:\Windows\System32\combase.dll
0x00007fffcbcf0000 - 0x00007fffcbd1e000 	C:\Windows\SYSTEM32\Wldp.dll
0x00007fffcd100000 - 0x00007fffcd1ad000 	C:\Windows\System32\SHCORE.dll
0x00007fffcd900000 - 0x00007fffcd955000 	C:\Windows\System32\shlwapi.dll
0x00007fffcc1e0000 - 0x00007fffcc205000 	C:\Windows\SYSTEM32\profapi.dll
0x00007fffba340000 - 0x00007fffba358000 	c:\Users\Admin\.cursor\extensions\redhat.java-1.42.0-win32-x64\jre\21.0.7-win32-x86_64\bin\zip.dll
0x00007fffc4630000 - 0x00007fffc4640000 	C:\Users\Admin\.cursor\extensions\redhat.java-1.42.0-win32-x64\jre\21.0.7-win32-x86_64\bin\net.dll
0x00007fffc60c0000 - 0x00007fffc61ca000 	C:\Windows\SYSTEM32\WINHTTP.dll
0x00007fffcba50000 - 0x00007fffcbaba000 	C:\Windows\system32\mswsock.dll
0x00007fffb79f0000 - 0x00007fffb7a06000 	C:\Users\Admin\.cursor\extensions\redhat.java-1.42.0-win32-x64\jre\21.0.7-win32-x86_64\bin\nio.dll
0x00007fffbcf80000 - 0x00007fffbcf90000 	c:\Users\Admin\.cursor\extensions\redhat.java-1.42.0-win32-x64\jre\21.0.7-win32-x86_64\bin\verify.dll
0x00007fffb7800000 - 0x00007fffb7845000 	C:\Users\Admin\AppData\Roaming\Cursor\User\globalStorage\redhat.java\1.42.0\config_ss_win\org.eclipse.equinox.launcher\org.eclipse.equinox.launcher.win32.win32.x86_64_1.2.1300.v20250331-1702\eclipse_11911.dll
0x00007fffcd530000 - 0x00007fffcd65a000 	C:\Windows\System32\ole32.dll

dbghelp: loaded successfully - version: 4.0.5 - missing functions: none
symbol engine: initialized successfully - sym options: 0x614 - pdb path: .;c:\Users\Admin\.cursor\extensions\redhat.java-1.42.0-win32-x64\jre\21.0.7-win32-x86_64\bin;C:\Windows\SYSTEM32;C:\Windows\WinSxS\amd64_microsoft.windows.common-controls_6595b64144ccf1df_6.0.19041.1110_none_60b5254171f9507e;c:\Users\Admin\.cursor\extensions\redhat.java-1.42.0-win32-x64\jre\21.0.7-win32-x86_64\bin\server;C:\Users\Admin\AppData\Roaming\Cursor\User\globalStorage\redhat.java\1.42.0\config_ss_win\org.eclipse.equinox.launcher\org.eclipse.equinox.launcher.win32.win32.x86_64_1.2.1300.v20250331-1702

VM Arguments:
jvm_args: --add-modules=ALL-SYSTEM --add-opens=java.base/java.util=ALL-UNNAMED --add-opens=java.base/java.lang=ALL-UNNAMED --add-opens=java.base/sun.nio.fs=ALL-UNNAMED -Declipse.application=org.eclipse.jdt.ls.core.id1 -Dosgi.bundles.defaultStartLevel=4 -Declipse.product=org.eclipse.jdt.ls.core.product -Djava.import.generatesMetadataFilesAtProjectRoot=false -DDetectVMInstallationsJob.disabled=true -Dfile.encoding=utf8 -XX:+UseParallelGC -XX:GCTimeRatio=4 -XX:AdaptiveSizePolicyWeight=90 -Dsun.zip.disableMemoryMapping=true -Xmx1G -Xms100m -Xlog:disable -javaagent:c:\Users\Admin\.cursor\extensions\redhat.java-1.42.0-win32-x64\lombok\lombok-1.18.36.jar 
java_command: c:\Users\Admin\.cursor\extensions\redhat.java-1.42.0-win32-x64\server\plugins\org.eclipse.equinox.launcher_1.7.0.v20250424-1814.jar -configuration c:\Users\Admin\AppData\Roaming\Cursor\User\globalStorage\redhat.java\1.42.0\config_ss_win -data c:\Users\Admin\AppData\Roaming\Cursor\User\workspaceStorage\b0e7369eb6af5f7f40dd9c8cb5f648d1\redhat.java\ss_ws --pipe=\\.\pipe\lsp-325844f6a703c76c1bd97b6a1669da92-sock
java_class_path (initial): c:\Users\Admin\.cursor\extensions\redhat.java-1.42.0-win32-x64\server\plugins\org.eclipse.equinox.launcher_1.7.0.v20250424-1814.jar
Launcher Type: SUN_STANDARD

[Global flags]
    uintx AdaptiveSizePolicyWeight                 = 90                                        {product} {command line}
     intx CICompilerCount                          = 3                                         {product} {ergonomic}
    uintx GCTimeRatio                              = 4                                         {product} {command line}
   size_t InitialHeapSize                          = 104857600                                 {product} {command line}
   size_t MaxHeapSize                              = 1073741824                                {product} {command line}
   size_t MaxNewSize                               = 357564416                                 {product} {ergonomic}
   size_t MinHeapDeltaBytes                        = 524288                                    {product} {ergonomic}
   size_t MinHeapSize                              = 104857600                                 {product} {command line}
   size_t NewSize                                  = 34603008                                  {product} {ergonomic}
    uintx NonNMethodCodeHeapSize                   = 5832780                                {pd product} {ergonomic}
    uintx NonProfiledCodeHeapSize                  = 122912730                              {pd product} {ergonomic}
   size_t OldSize                                  = 70254592                                  {product} {ergonomic}
    uintx ProfiledCodeHeapSize                     = 122912730                              {pd product} {ergonomic}
    uintx ReservedCodeCacheSize                    = 251658240                              {pd product} {ergonomic}
     bool SegmentedCodeCache                       = true                                      {product} {ergonomic}
   size_t SoftMaxHeapSize                          = 1073741824                             {manageable} {ergonomic}
     bool UseCompressedOops                        = true                           {product lp64_product} {ergonomic}
     bool UseLargePagesIndividualAllocation        = false                                  {pd product} {ergonomic}
     bool UseParallelGC                            = true                                      {product} {command line}

Logging:
Log output configuration:
 #0: stdout all=off uptime,level,tags foldmultilines=false
 #1: stderr all=off uptime,level,tags foldmultilines=false

Environment Variables:
JAVA_HOME=C:\Program Files\Java\jdk-24
PATH=C:\Program Files\Python313\Scripts\;C:\Program Files\Python313\;C:\Program Files\Common Files\Oracle\Java\javapath;C:\Program Files (x86)\Common Files\Oracle\Java\javapath;C:\Windows\system32;C:\Windows;C:\Windows\System32\Wbem;C:\Windows\System32\WindowsPowerShell\v1.0\;C:\Windows\System32\OpenSSH\;C:\Program Files\dotnet\;C:\Program Files (x86)\NVIDIA Corporation\PhysX\Common;C:\Program Files\Git\cmd;C:\Program Files\MySQL\MySQL Server 8.0\bin;C:\Program Files\Microsoft SQL Server\150\Tools\Binn\;C:\Program Files\Microsoft SQL Server\Client SDK\ODBC\170\Tools\Binn\;C:\Program Files\Java\jdk-24;C:\Program Files\nodejs\;C:\ProgramData\chocolatey\bin;C:\ProgramData\chocolatey\lib\maven\apache-maven-3.9.9\bin;C:\Program Files\NetBeans-25\netbeans\java\maven\bin;C:\Users\Admin\Downloads\apache-tomcat-11.0.7;D:\Giang\google-cloud-sdk\bin;C:\Program Files\MySQL\MySQL Shell 8.0\bin\;C:\Users\Admin\AppData\Local\Microsoft\WindowsApps;D:\Pycharm\PyCharm Community Edition 2024.3.4\bin;C:\Users\Admin\.dotnet\tools;C:\Users\Admin\AppData\Local\Programs\cursor\resources\app\bin;C:\Users\Admin\AppData\Roaming\npm;C:\Users\Admin\AppData\Local\Programs\Microsoft VS Code\bin
USERNAME=Admin
OS=Windows_NT
PROCESSOR_IDENTIFIER=Intel64 Family 6 Model 142 Stepping 9, GenuineIntel
TMP=C:\Users\Admin\AppData\Local\Temp
TEMP=C:\Users\Admin\AppData\Local\Temp




Periodic native trim disabled

---------------  S Y S T E M  ---------------

OS:
 Windows 10 , 64 bit Build 19041 (10.0.19041.3155)
OS uptime: 34 days 23:46 hours

CPU: total 4 (initial active 4) (2 cores per cpu, 2 threads per core) family 6 model 142 stepping 9 microcode 0xb4, cx8, cmov, fxsr, ht, mmx, 3dnowpref, sse, sse2, sse3, ssse3, sse4.1, sse4.2, popcnt, lzcnt, tsc, tscinvbit, avx, avx2, aes, erms, clmul, bmi1, bmi2, adx, fma, vzeroupper, clflush, clflushopt, rdtscp, f16c
Processor Information for the first 4 processors :
  Max Mhz: 2701, Current Mhz: 2701, Mhz Limit: 2701

Memory: 4k page, system-wide physical 16252M (1618M free)
TotalPageFile size 30481M (AvailPageFile size 1M)
current process WorkingSet (physical memory assigned to process): 114M, peak: 114M
current process commit charge ("private bytes"): 210M, peak: 210M

vm_info: OpenJDK 64-Bit Server VM (21.0.7+6-LTS) for windows-amd64 JRE (21.0.7+6-LTS), built on 2025-04-15T00:00:00Z by "admin" with MS VC++ 17.7 (VS2022)

END.
